Base path: C:/Program Files/Unity/Editor/Data
<<<<<<< HEAD
Pipe name: \\.\pipe\UnityShaderCompiler-32bit-1-8756
=======
<<<<<<< HEAD
Pipe name: \\.\pipe\UnityShaderCompiler-32bit-1-3600
=======
<<<<<<< HEAD
Pipe name: \\.\pipe\UnityShaderCompiler-32bit-1-6496
=======
<<<<<<< HEAD
Pipe name: \\.\pipe\UnityShaderCompiler-32bit-1-15536
=======
Pipe name: \\.\pipe\UnityShaderCompiler-32bit-1-11368
>>>>>>> origin/master
>>>>>>> origin/master
>>>>>>> origin/master
>>>>>>> origin/master
Cmd: getPlatforms
Unhandled exception: Readfile from pipe failed. GLE=The pipe has been ended.


Quitting shader compiler process
